#
# A fatal error has been detected by the Java Runtime Environment:
#
#  EXCEPTION_ACCESS_VIOLATION (0xc0000005) at pc=0xffffffffa3445120, pid=184, tid=5996
#
# JRE version: Java(TM) SE Runtime Environment (8.0_40-b26) (build 1.8.0_40-b26)
# Java VM: Java HotSpot(TM) 64-Bit Server VM (25.40-b25 mixed mode windows-amd64 compressed oops)
# Problematic frame:
# C  0xffffffffa3445120
#
# Failed to write core dump. Minidumps are not enabled by default on client versions of Windows
#
# If you would like to submit a bug report, please visit:
#   http://bugreport.java.com/bugreport/crash.jsp
#

---------------  T H R E A D  ---------------

Current thread (0x000000001b11e800):  JavaThread "Thread-1" [_thread_in_Java, id=5996, stack(0x000000001b9c0000,0x000000001bac0000)]

siginfo: ExceptionCode=0xc0000005, ExceptionInformation=0x0000000000000008 0xffffffffa3445120

Registers:
RAX=0x0000000016807c40, RBX=0x0000000016807c40, RCX=0x00000000d5b8f068, RDX=0x00000000d5b8f068
RSP=0x000000001babe868, RBP=0x000000001babe8c8, RSI=0x0000000000000296, RDI=0x0000000000000108
R8 =0x0000000000001854, R9 =0x0000000018c9f3d0, R10=0x000000005b70bba0, R11=0x000000000260d740
R12=0x0000000000000000, R13=0x000000001babe878, R14=0x000000001bbff128, R15=0x000000001b11e800
RIP=0xffffffffa3445120, EFLAGS=0x0000000000010202

Top of Stack: (sp=0x000000001babe868)
0x000000001babe868:   0000000002447200 0000000002447200
0x000000001babe878:   0000000000001854 00000000d5b8f068
0x000000001babe888:   000000001babe888 000000001680b55a
0x000000001babe898:   000000001babe8e0 0000000016810040
0x000000001babe8a8:   000000001bbff128 000000001680b570
0x000000001babe8b8:   000000001babe878 000000001babe8d8
0x000000001babe8c8:   000000001babe928 00000000024472d0
0x000000001babe8d8:   0000000000001854 00000000d5b8f068
0x000000001babe8e8:   000000001babe8e8 000000001bbfe18c
0x000000001babe8f8:   000000001babe938 000000001bbfea90
0x000000001babe908:   000000001bbff450 000000001bbfe198
0x000000001babe918:   000000001babe8d8 000000001babe938
0x000000001babe928:   000000001babe990 00000000024472d0
0x000000001babe938:   00000000d5b91790 000000000000002d
0x000000001babe948:   00000000d5b91cc8 000000001babe950
0x000000001babe958:   000000001bbfd1db 000000001babe9e8 

Instructions: (pc=0xffffffffa3445120)
0xffffffffa3445100:   
[error occurred during error reporting (printing registers, top of stack, instructions near pc), id 0xc0000005]

Register to memory mapping:

RAX={method} {0x0000000016807c48} '_get' '(I)B' in 'java/nio/HeapByteBuffer'
RBX={method} {0x0000000016807c48} '_get' '(I)B' in 'java/nio/HeapByteBuffer'
RCX=0x00000000d5b8f068 is an oop
java.nio.HeapByteBuffer 
 - klass: 'java/nio/HeapByteBuffer'
RDX=0x00000000d5b8f068 is an oop
java.nio.HeapByteBuffer 
 - klass: 'java/nio/HeapByteBuffer'
RSP=0x000000001babe868 is pointing into the stack for thread: 0x000000001b11e800
RBP=0x000000001babe8c8 is pointing into the stack for thread: 0x000000001b11e800
RSI=0x0000000000000296 is an unknown value
RDI=0x0000000000000108 is an unknown value
R8 =0x0000000000001854 is an unknown value
R9 =0x0000000018c9f3d0 is an unknown value
R10=0x000000005b70bba0 is an unknown value
R11=0x000000000260d740 is at entry_point+32 in (nmethod*)0x000000000260d5d0
R12=0x0000000000000000 is an unknown value
R13=0x000000001babe878 is pointing into the stack for thread: 0x000000001b11e800
R14=0x000000001bbff128 is pointing into metadata
R15=0x000000001b11e800 is a thread


Stack: [0x000000001b9c0000,0x000000001bac0000],  sp=0x000000001babe868,  free space=1018k
Native frames: (J=compiled Java code, j=interpreted, Vv=VM code, C=native code)
C  0xffffffffa3445120


---------------  P R O C E S S  ---------------

Java Threads: ( => current thread )
  0x000000001b123800 JavaThread "Thread-2" [_thread_blocked, id=484, stack(0x000000001bac0000,0x000000001bbc0000)]
=>0x000000001b11e800 JavaThread "Thread-1" [_thread_in_Java, id=5996, stack(0x000000001b9c0000,0x000000001bac0000)]
  0x000000001b11a800 JavaThread "AWT-EventQueue-0" [_thread_blocked, id=2212, stack(0x000000001b8c0000,0x000000001b9c0000)]
  0x0000000018c9d800 JavaThread "AWT-Windows" daemon [_thread_in_native, id=3008, stack(0x0000000019600000,0x0000000019700000)]
  0x0000000018c9a000 JavaThread "AWT-Shutdown" [_thread_blocked, id=6064, stack(0x0000000019500000,0x0000000019600000)]
  0x0000000018c98000 JavaThread "Java2D Disposer" daemon [_thread_blocked, id=3368, stack(0x0000000019400000,0x0000000019500000)]
  0x00000000188c6000 JavaThread "Service Thread" daemon [_thread_blocked, id=3152, stack(0x0000000018cc0000,0x0000000018dc0000)]
  0x0000000017063800 JavaThread "C1 CompilerThread2" daemon [_thread_blocked, id=6068, stack(0x00000000187c0000,0x00000000188c0000)]
  0x000000001705e800 JavaThread "C2 CompilerThread1" daemon [_thread_blocked, id=1588, stack(0x00000000186c0000,0x00000000187c0000)]
  0x0000000017068000 JavaThread "C2 CompilerThread0" daemon [_thread_blocked, id=296, stack(0x00000000185c0000,0x00000000186c0000)]
  0x0000000017066800 JavaThread "Attach Listener" daemon [_thread_blocked, id=5272, stack(0x00000000184c0000,0x00000000185c0000)]
  0x0000000017065800 JavaThread "Signal Dispatcher" daemon [_thread_blocked, id=1792, stack(0x00000000183c0000,0x00000000184c0000)]
  0x0000000002366000 JavaThread "Finalizer" daemon [_thread_blocked, id=5896, stack(0x00000000182c0000,0x00000000183c0000)]
  0x000000000235d000 JavaThread "Reference Handler" daemon [_thread_blocked, id=5964, stack(0x00000000181c0000,0x00000000182c0000)]
  0x0000000002270800 JavaThread "main" [_thread_blocked, id=1916, stack(0x0000000002130000,0x0000000002230000)]

Other Threads:
  0x0000000017026800 VMThread [stack: 0x00000000180c0000,0x00000000181c0000] [id=3416]
  0x00000000188c8000 WatcherThread [stack: 0x0000000018dc0000,0x0000000018ec0000] [id=6112]

VM state:not at safepoint (normal execution)

VM Mutex/Monitor currently owned by a thread: None

Heap:
 PSYoungGen      total 38400K, used 6656K [0x00000000d5580000, 0x00000000d8000000, 0x0000000100000000)
  eden space 33280K, 20% used [0x00000000d5580000,0x00000000d5c001d8,0x00000000d7600000)
  from space 5120K, 0% used [0x00000000d7b00000,0x00000000d7b00000,0x00000000d8000000)
  to   space 5120K, 0% used [0x00000000d7600000,0x00000000d7600000,0x00000000d7b00000)
 ParOldGen       total 87552K, used 0K [0x0000000080000000, 0x0000000085580000, 0x00000000d5580000)
  object space 87552K, 0% used [0x0000000080000000,0x0000000080000000,0x0000000085580000)
 Metaspace       used 9503K, capacity 9732K, committed 9984K, reserved 1058816K
  class space    used 1186K, capacity 1254K, committed 1280K, reserved 1048576K

Card table byte_map: [0x0000000011800000,0x0000000011c10000] byte_map_base: 0x0000000011400000

Marking Bits: (ParMarkBitMap*) 0x000000005b724040
 Begin Bits: [0x00000000122c0000, 0x00000000142c0000)
 End Bits:   [0x00000000142c0000, 0x00000000162c0000)

Polling page: 0x00000000008e0000

CodeCache: size=245760Kb used=1859Kb max_used=1859Kb free=243900Kb
 bounds [0x0000000002440000, 0x00000000026b0000, 0x0000000011440000]
 total_blobs=802 nmethods=370 adapters=347
 compilation: enabled

Compilation events (10 events):
Event: 0.443 Thread 0x0000000017063800  358       3       java.util.ArrayList::rangeCheck (22 bytes)
Event: 0.444 Thread 0x0000000017063800 nmethod 358 0x000000000260be90 code [0x000000000260c0a0, 0x000000000260cb58]
Event: 0.445 Thread 0x0000000017063800  359       1       java.nio.Buffer::position (5 bytes)
Event: 0.445 Thread 0x0000000017063800 nmethod 359 0x000000000260d310 code [0x000000000260d460, 0x000000000260d570]
Event: 0.445 Thread 0x0000000017063800  360       3       java.nio.HeapByteBuffer::_get (7 bytes)
Event: 0.445 Thread 0x0000000017063800 nmethod 360 0x000000000260d5d0 code [0x000000000260d720, 0x000000000260d890]
Event: 0.446 Thread 0x0000000017063800  361       3       java.nio.Buffer::nextGetIndex (31 bytes)
Event: 0.446 Thread 0x0000000017063800 nmethod 361 0x000000000260d990 code [0x000000000260db00, 0x000000000260dd08]
Event: 0.450 Thread 0x0000000017063800  365       1       java.nio.HeapByteBuffer::_get (7 bytes)
Event: 0.450 Thread 0x0000000017063800 nmethod 365 0x000000000260ed50 code [0x000000000260eea0, 0x000000000260efd0]

GC Heap History (0 events):
No events

Deoptimization events (1 events):
Event: 0.338 Thread 0x0000000002270800 Uncommon trap: reason=null_check action=make_not_entrant pc=0x00000000025bb738 method=java.lang.String.equals(Ljava/lang/Object;)Z @ 8

Internal exceptions (10 events):
Event: 0.046 Thread 0x0000000002270800 Exception <a 'java/lang/NoSuchMethodError': Method sun.misc.Unsafe.prefetchRead(Ljava/lang/Object;J)V name or signature does not match> (0x00000000d558d660) thrown at [D:\re\workspace\8-2-build-windows-amd64-cygwin\jdk8u40\3098\hotspot\src\share\vm\prims\j›)‹u–Â?
Event: 0.145 Thread 0x0000000002270800 Exception <a 'java/security/PrivilegedActionException'> (0x00000000d55fdfb0) thrown at [D:\re\workspace\8-2-build-windows-amd64-cygwin\jdk8u40\3098\hotspot\src\share\vm\prims\jvm.cpp, line 1382]
Event: 0.145 Thread 0x0000000002270800 Exception <a 'java/security/PrivilegedActionException'> (0x00000000d55fe168) thrown at [D:\re\workspace\8-2-build-windows-amd64-cygwin\jdk8u40\3098\hotspot\src\share\vm\prims\jvm.cpp, line 1382]
Event: 0.146 Thread 0x0000000002270800 Exception <a 'java/security/PrivilegedActionException'> (0x00000000d5601f00) thrown at [D:\re\workspace\8-2-build-windows-amd64-cygwin\jdk8u40\3098\hotspot\src\share\vm\prims\jvm.cpp, line 1382]
Event: 0.146 Thread 0x0000000002270800 Exception <a 'java/security/PrivilegedActionException'> (0x00000000d56020b8) thrown at [D:\re\workspace\8-2-build-windows-amd64-cygwin\jdk8u40\3098\hotspot\src\share\vm\prims\jvm.cpp, line 1382]
Event: 0.153 Thread 0x0000000002270800 Exception <a 'java/io/FileNotFoundException'> (0x00000000d5604820) thrown at [D:\re\workspace\8-2-build-windows-amd64-cygwin\jdk8u40\3098\hotspot\src\share\vm\prims\jni.cpp, line 709]
Event: 0.190 Thread 0x0000000002270800 Exception <a 'java/io/FileNotFoundException'> (0x00000000d5775668) thrown at [D:\re\workspace\8-2-build-windows-amd64-cygwin\jdk8u40\3098\hotspot\src\share\vm\prims\jni.cpp, line 709]
Event: 0.239 Thread 0x0000000002270800 Exception <a 'java/lang/NoSuchFieldError': method resolution failed> (0x00000000d5849500) thrown at [D:\re\workspace\8-2-build-windows-amd64-cygwin\jdk8u40\3098\hotspot\src\share\vm\prims\methodHandles.cpp, line 1125]
Event: 0.242 Thread 0x0000000002270800 Exception <a 'java/lang/NoSuchFieldError': method resolution failed> (0x00000000d5857f40) thrown at [D:\re\workspace\8-2-build-windows-amd64-cygwin\jdk8u40\3098\hotspot\src\share\vm\prims\methodHandles.cpp, line 1125]
Event: 0.338 Thread 0x0000000002270800 Implicit null exception at 0x00000000025bb562 to 0x00000000025bb729

Events (10 events):
Event: 0.449 loading class sun/font/TrueTypeGlyphMapper
Event: 0.449 loading class sun/font/TrueTypeGlyphMapper done
Event: 0.449 loading class sun/font/CMap
Event: 0.449 loading class sun/font/CMap done
Event: 0.449 loading class sun/font/CMap$NullCMapClass
Event: 0.449 loading class sun/font/CMap$NullCMapClass done
Event: 0.449 loading class sun/font/CMap$CMapFormat4
Event: 0.449 loading class sun/font/CMap$CMapFormat4 done
Event: 0.449 loading class java/nio/ByteBufferAsCharBufferB
Event: 0.449 loading class java/nio/ByteBufferAsCharBufferB done


Dynamic libraries:
0x00007ff608670000 - 0x00007ff6086a7000 	D:\Program Files\Java\jdk1.8.0_40\bin\java.exe
0x00007ffce6bd0000 - 0x00007ffce6d7c000 	C:\Windows\SYSTEM32\ntdll.dll
0x00007ffce4bc0000 - 0x00007ffce4cfa000 	C:\Windows\system32\KERNEL32.DLL
0x00007ffce4170000 - 0x00007ffce427f000 	C:\Windows\system32\KERNELBASE.dll
0x00007ffce2a20000 - 0x00007ffce2aa8000 	C:\Windows\system32\apphelp.dll
0x00007ffcd0db0000 - 0x00007ffcd0dff000 	C:\Windows\AppPatch\AppPatch64\AcGenral.DLL
0x00007ffce4330000 - 0x00007ffce43d7000 	C:\Windows\system32\msvcrt.dll
0x00007ffce3bf0000 - 0x00007ffce3c1b000 	C:\Windows\SYSTEM32\SspiCli.dll
0x00007ffce6b70000 - 0x00007ffce6bc1000 	C:\Windows\system32\SHLWAPI.dll
0x00007ffce43e0000 - 0x00007ffce4551000 	C:\Windows\system32\USER32.dll
0x00007ffce5140000 - 0x00007ffce52b8000 	C:\Windows\system32\ole32.dll
0x00007ffce5470000 - 0x00007ffce6988000 	C:\Windows\system32\SHELL32.dll
0x00007ffce36a0000 - 0x00007ffce36be000 	C:\Windows\SYSTEM32\USERENV.dll
0x00007ffce4990000 - 0x00007ffce4a35000 	C:\Windows\system32\ADVAPI32.dll
0x00007ffcdbf40000 - 0x00007ffcdbf5b000 	C:\Windows\SYSTEM32\MPR.dll
0x00007ffce4fa0000 - 0x00007ffce50d7000 	C:\Windows\system32\RPCRT4.dll
0x00007ffce50e0000 - 0x00007ffce5137000 	C:\Windows\SYSTEM32\sechost.dll
0x00007ffce47b0000 - 0x00007ffce4986000 	C:\Windows\SYSTEM32\combase.dll
0x00007ffce4d00000 - 0x00007ffce4e44000 	C:\Windows\system32\GDI32.dll
0x00007ffce3e10000 - 0x00007ffce3e24000 	C:\Windows\SYSTEM32\profapi.dll
0x00007ffce23d0000 - 0x00007ffce2482000 	C:\Windows\SYSTEM32\SHCORE.dll
0x00007ffce4e50000 - 0x00007ffce4e84000 	C:\Windows\system32\IMM32.DLL
0x00007ffce4a50000 - 0x00007ffce4ba2000 	C:\Windows\system32\MSCTF.dll
0x00007ffce1b50000 - 0x00007ffce1daa000 	C:\Windows\WinSxS\amd64_microsoft.windows.common-controls_6595b64144ccf1df_6.0.9600.17031_none_6242a4b3ecbb55a1\COMCTL32.dll
0x000000005bb30000 - 0x000000005bc02000 	D:\Program Files\Java\jdk1.8.0_40\jre\bin\msvcr100.dll
0x000000005af20000 - 0x000000005b7a3000 	D:\Program Files\Java\jdk1.8.0_40\jre\bin\server\jvm.dll
0x00007ffce0070000 - 0x00007ffce0079000 	C:\Windows\SYSTEM32\WSOCK32.dll
0x00007ffce0560000 - 0x00007ffce057f000 	C:\Windows\SYSTEM32\WINMM.dll
0x00007ffce0a30000 - 0x00007ffce0a3a000 	C:\Windows\SYSTEM32\VERSION.dll
0x00007ffce4320000 - 0x00007ffce4327000 	C:\Windows\system32\PSAPI.DLL
0x00007ffce4f40000 - 0x00007ffce4f98000 	C:\Windows\system32\WS2_32.dll
0x00007ffce04d0000 - 0x00007ffce04fa000 	C:\Windows\SYSTEM32\WINMMBASE.dll
0x00007ffce4a40000 - 0x00007ffce4a49000 	C:\Windows\system32\NSI.dll
0x00007ffce4280000 - 0x00007ffce42ca000 	C:\Windows\SYSTEM32\cfgmgr32.dll
0x00007ffce2ca0000 - 0x00007ffce2cc6000 	C:\Windows\SYSTEM32\DEVOBJ.dll
0x000000005aed0000 - 0x000000005aedf000 	D:\Program Files\Java\jdk1.8.0_40\jre\bin\verify.dll
0x000000005aea0000 - 0x000000005aec9000 	D:\Program Files\Java\jdk1.8.0_40\jre\bin\java.dll
0x000000005ae80000 - 0x000000005ae96000 	D:\Program Files\Java\jdk1.8.0_40\jre\bin\zip.dll
0x000000005aca0000 - 0x000000005ae38000 	D:\Program Files\Java\jdk1.8.0_40\jre\bin\awt.dll
0x00007ffce45c0000 - 0x00007ffce4681000 	C:\Windows\system32\OLEAUT32.dll
0x00007ffce2200000 - 0x00007ffce2220000 	C:\Windows\system32\DWMAPI.DLL
0x00007ffce2af0000 - 0x00007ffce2c11000 	C:\Windows\system32\uxtheme.dll
0x00007ffce2c70000 - 0x00007ffce2c7a000 	C:\Windows\SYSTEM32\kernel.appcore.dll
0x00007ffce3d80000 - 0x00007ffce3d8a000 	C:\Windows\SYSTEM32\CRYPTBASE.dll
0x00007ffce3c20000 - 0x00007ffce3c80000 	C:\Windows\SYSTEM32\bcryptPrimitives.dll
0x00007ffcd97f0000 - 0x00007ffcd99f8000 	C:\Windows\system32\d3d9.dll
0x00007ffcc83e0000 - 0x00007ffcc92ef000 	C:\Windows\SYSTEM32\nvd3dumx.dll
0x00007ffce3db0000 - 0x00007ffce3df5000 	C:\Windows\system32\powrprof.dll
0x000000005ae60000 - 0x000000005ae7a000 	D:\Program Files\Java\jdk1.8.0_40\jre\bin\net.dll
0x00007ffce35e0000 - 0x00007ffce3638000 	C:\Windows\system32\mswsock.dll
0x000000005ac50000 - 0x000000005ac97000 	D:\Program Files\Java\jdk1.8.0_40\jre\bin\fontmanager.dll
0x000000005ae40000 - 0x000000005ae51000 	D:\Program Files\Java\jdk1.8.0_40\jre\bin\nio.dll
0x00007ffce4e90000 - 0x00007ffce4f34000 	C:\Windows\SYSTEM32\clbcatq.dll
0x00007ffce2050000 - 0x00007ffce21fe000 	C:\Windows\SYSTEM32\WindowsCodecs.dll
0x000000005ac00000 - 0x000000005ac41000 	D:\Program Files\Java\jdk1.8.0_40\jre\bin\t2k.dll
0x00007ffcd6760000 - 0x00007ffcd68e8000 	C:\Windows\SYSTEM32\dbghelp.dll
0x00007ffce3680000 - 0x00007ffce369e000 	C:\Windows\SYSTEM32\CRYPTSP.dll
0x00007ffce3510000 - 0x00007ffce3545000 	C:\Windows\system32\rsaenh.dll
0x00007ffce38f0000 - 0x00007ffce3916000 	C:\Windows\SYSTEM32\bcrypt.dll

VM Arguments:
jvm_args: -Dfile.encoding=UTF-8 
java_command: stoplichtserver.Main
java_class_path (initial): D:\StoplichtSoftwareDevelopment\StoplichtProjectServer\build\classes
Launcher Type: SUN_STANDARD

Environment Variables:
PATH=C:\ProgramData\Oracle\Java\javapath;C:\Windows\system32;C:\Windows;C:\Windows\System32\Wbem;C:\Windows\System32\WindowsPowerShell\v1.0\;C:\Program Files\Microsoft SQL Server\110\Tools\Binn\;D:\Program Files\TortoiseSVN\bin;C:\Program Files (x86)\Windows Live\Shared;C:\Program Files (x86)\Windows Kits\8.1\Windows Performance Toolkit\;C:\Program Files (x86)\Microsoft SDKs\TypeScript\1.0\;C:\Program Files\Microsoft SQL Server\120\Tools\Binn\;D:\Program Files\TortoiseGit\bin;C:\Program Files (x86)\NVIDIA Corporation\PhysX\Common
USERNAME=Gyrth
OS=Windows_NT
PROCESSOR_IDENTIFIER=Intel64 Family 6 Model 23 Stepping 7, GenuineIntel



---------------  S Y S T E M  ---------------

OS: Windows 8.1 , 64 bit Build 9600 (6.3.9600.17056)

CPU:total 4 (4 cores per cpu, 1 threads per core) family 6 model 23 stepping 7, cmov, cx8, fxsr, mmx, sse, sse2, sse3, ssse3, sse4.1, tsc

Memory: 4k page, physical 8387128k(4828956k free), swap 16775736k(11834036k free)

vm_info: Java HotSpot(TM) 64-Bit Server VM (25.40-b25) for windows-amd64 JRE (1.8.0_40-b26), built on Mar  7 2015 13:51:59 by "java_re" with MS VC++ 10.0 (VS2010)

time: Mon Apr 20 21:33:22 2015
elapsed time: 0 seconds (0d 0h 0m 0s)

